2026-04-14 22:14:49,931 | INFO     | thermal | Logger initialised — writing to C:\Users\hp\Desktop\FIP\logs\run_20260414_221449.log
2026-04-14 22:14:49,937 | INFO     | thermal.main | Found 34 image(s) in C:\Users\hp\Desktop\FIP\data\samples
2026-04-14 22:14:50,153 | INFO     | thermal.preprocess | Preprocessed 34 / 34 images
2026-04-14 22:14:50,259 | INFO     | thermal.main | Augmentation disabled (pass --augment to enable).
2026-04-14 22:14:50,359 | INFO     | thermal.colormap | Colormap 'JET' applied to 34 images
2026-04-14 22:14:56,454 | INFO     | thermal.features | Feature matrix: shape=(34, 214)  unique_labels=['high', 'low', 'medium']
2026-04-14 22:14:56,454 | INFO     | thermal.main | Feature vector length: 214  |  Feature names sample: ['hist_R_bin00', 'hist_R_bin01', 'hist_R_bin02', 'hist_R_bin03', 'hist_R_bin04'] …
2026-04-14 22:14:56,454 | INFO     | thermal.main | Running 5-fold stratified cross-validation …
2026-04-14 22:14:56,454 | INFO     | thermal.model | Built RandomForestClassifier (n_estimators=100)
2026-04-14 22:15:03,419 | INFO     | thermal.model | CV (5-fold) weighted-F1: 0.4963 ± 0.1590
2026-04-14 22:15:03,422 | INFO     | thermal.main | Hyperparameter tuning disabled (pass --tune to enable).
2026-04-14 22:15:03,425 | INFO     | thermal.model | Built RandomForestClassifier (n_estimators=100)
2026-04-14 22:15:03,425 | INFO     | thermal.model | Training on 20 samples, testing on 14 samples …
2026-04-14 22:15:03,658 | INFO     | thermal.model | Training complete.
2026-04-14 22:15:03,674 | INFO     | thermal.model | Accuracy=0.4286  Precision=0.4036  Recall=0.4286  F1=0.4127
2026-04-14 22:15:03,674 | INFO     | thermal.model | 
              precision    recall  f1-score   support

        high       0.25      0.20      0.22         5
         low       0.40      0.40      0.40         5
      medium       0.60      0.75      0.67         4

    accuracy                           0.43        14
   macro avg       0.42      0.45      0.43        14
weighted avg       0.40      0.43      0.41        14

2026-04-14 22:15:03,717 | INFO     | thermal.model | Model saved-> C:\Users\hp\Desktop\FIP\models\model_rf.pkl
2026-04-14 22:15:04,238 | INFO     | thermal.main | Pipeline complete.  Outputs in: C:\Users\hp\Desktop\FIP
